Arguments: 
  E:\Node.js\node.exe C:\Users\Administrator.RAMDEO11\AppData\Roaming\npm\node_modules\yarn\bin\yarn.js

PATH: 
  C:\Users\Administrator.RAMDEO11\bin;C:\Program Files\Git\mingw64\bin;C:\Program Files\Git\usr\local\bin;C:\Program Files\Git\usr\bin;C:\Program Files\Git\usr\bin;C:\Program Files\Git\cmd;C:\Program Files\Common Files\Oracle\Java\javapath;C:\Program Files (x86)\Common Files\Intel\Shared Libraries\redist\intel64\compiler;C:\Program Files\Common Files\Microsoft Shared\Microsoft Online Services;C:\Program Files (x86)\Common Files\Microsoft Shared\Microsoft Online Services;C:\Program Files (x86)\Intel\iCLS Client;C:\Program Files\Intel\iCLS Client;C:\WINDOWS\system32;C:\WINDOWS;C:\WINDOWS\System32\Wbem;C:\Program Files\Intel\WiFi\bin;C:\Program Files\Common Files\Intel\WirelessCommon;C:\Program Files\Intel\Intel(R) Management Engine Components\DAL;C:\Program Files (x86)\Intel\Intel(R) Management Engine Components\DAL;C:\Program Files\Intel\Intel(R) Management Engine Components\IPT;C:\Program Files (x86)\Intel\Intel(R) Management Engine Components\IPT;C:\WINDOWS\System32\WindowsPowerShell\v1.0;C:\WINDOWS\System32\WindowsPowerShell\v1.0;C:\WINDOWS\System32\OpenSSH;C:\Program Files\Git\cmd;C:\Flutter\flutter\bin;E:\Node.js;C:\Users\Administrator.RAMDEO11\AppData\Local\Programs\Python\Python310\Scripts;C:\Users\Administrator.RAMDEO11\AppData\Local\Programs\Python\Python310;C:\Program Files\MySQL\MySQL Shell 8.0\bin;C:\Users\Administrator.RAMDEO11\AppData\Local\Microsoft\WindowsApps;C:\Users\Administrator.RAMDEO11\AppData\Local\hyper\app-3.0.2\resources\bin;C:\Users\Administrator.RAMDEO11\AppData\Local\Programs\Microsoft VS Code\bin;C:\Flutter\flutter\bin;C:\Users\Administrator.RAMDEO11\AppData\Roaming\npm;C:\Program Files\heroku\bin;C:\Program Files\Git\usr\bin\vendor_perl;C:\Program Files\Git\usr\bin\core_perl

Yarn version: 
  1.22.17

Node version: 
  16.13.0

Platform: 
  win32 x64

Trace: 
  Error: connect EHOSTUNREACH 104.16.19.35:443
      at TCPConnectWrap.afterConnect [as oncomplete] (node:net:1161:16)

npm manifest: 
  {
    "name": "client",
    "version": "0.1.0",
    "private": true,
    "scripts": {
      "dev": "next dev",
      "build": "next build",
      "start": "next start",
      "lint": "next lint"
    },
    "dependencies": {
      "axios": "^1.1.3",
      "html-react-parser": "^3.0.9",
      "i18next": "^22.4.9",
      "i18next-browser-languagedetector": "^7.0.1",
      "i18next-http-backend": "^2.1.1",
      "moment": "^2.29.4",
      "next": "13.0.3",
      "react": "18.2.0",
      "react-dom": "18.2.0",
      "react-i18next": "^12.1.5",
      "react-icons": "^4.6.0",
      "react-redux": "^8.0.5",
      "react-render-html": "^0.6.0",
      "react-slick": "^0.29.0",
      "react-toastify": "^9.1.1",
      "redux": "^4.2.0",
      "redux-devtools-extension": "^2.13.9",
      "redux-thunk": "^2.4.2",
      "slick-carousel": "^1.8.1",
      "swiper": "^8.4.5",
      "xmldom": "^0.6.0"
    },
    "devDependencies": {
      "autoprefixer": "^10.4.13",
      "postcss": "^8.4.19",
      "tailwindcss": "^3.2.4"
    }
  }

yarn manifest: 
  No manifest

Lockfile: 
  No lockfile
